Performing C SOURCE FILE Test CMAKE_HAVE_LIBC_PTHREAD failed with the following output:
Change Dir: /home/loye/Desktop/Projects/ROS-100-Days-Coding-Challenge/Week 6/1. ROS Launch/ros2_ws/build/turtle_controller/CMakeFiles/CMakeTmp

Run Build Command(s):/usr/bin/make cmTC_829bd/fast && /usr/bin/make -f CMakeFiles/cmTC_829bd.dir/build.make CMakeFiles/cmTC_829bd.dir/build
make[1]: Entering directory '/home/loye/Desktop/Projects/ROS-100-Days-Coding-Challenge/Week 6/1. ROS Launch/ros2_ws/build/turtle_controller/CMakeFiles/CMakeTmp'
Building C object CMakeFiles/cmTC_829bd.dir/src.c.o
/usr/bin/cc   -DCMAKE_HAVE_LIBC_PTHREAD   -o CMakeFiles/cmTC_829bd.dir/src.c.o   -c "/home/loye/Desktop/Projects/ROS-100-Days-Coding-Challenge/Week 6/1. ROS Launch/ros2_ws/build/turtle_controller/CMakeFiles/CMakeTmp/src.c"
Linking C executable cmTC_829bd
/usr/bin/cmake -E cmake_link_script CMakeFiles/cmTC_829bd.dir/link.txt --verbose=1
/usr/bin/cc  -DCMAKE_HAVE_LIBC_PTHREAD    CMakeFiles/cmTC_829bd.dir/src.c.o  -o cmTC_829bd 
/usr/bin/ld: CMakeFiles/cmTC_829bd.dir/src.c.o: in function `main':
src.c:(.text+0x46): undefined reference to `pthread_create'
/usr/bin/ld: src.c:(.text+0x52): undefined reference to `pthread_detach'
/usr/bin/ld: src.c:(.text+0x63): undefined reference to `pthread_join'
collect2: error: ld returned 1 exit status
make[1]: *** [CMakeFiles/cmTC_829bd.dir/build.make:87: cmTC_829bd] Error 1
make[1]: Leaving directory '/home/loye/Desktop/Projects/ROS-100-Days-Coding-Challenge/Week 6/1. ROS Launch/ros2_ws/build/turtle_controller/CMakeFiles/CMakeTmp'
make: *** [Makefile:121: cmTC_829bd/fast] Error 2


Source file was:
#include <pthread.h>

void* test_func(void* data)
{
  return data;
}

int main(void)
{
  pthread_t thread;
  pthread_create(&thread, NULL, test_func, NULL);
  pthread_detach(thread);
  pthread_join(thread, NULL);
  pthread_atfork(NULL, NULL, NULL);
  pthread_exit(NULL);

  return 0;
}

Determining if the function pthread_create exists in the pthreads failed with the following output:
Change Dir: /home/loye/Desktop/Projects/ROS-100-Days-Coding-Challenge/Week 6/1. ROS Launch/ros2_ws/build/turtle_controller/CMakeFiles/CMakeTmp

Run Build Command(s):/usr/bin/make cmTC_cc529/fast && /usr/bin/make -f CMakeFiles/cmTC_cc529.dir/build.make CMakeFiles/cmTC_cc529.dir/build
make[1]: Entering directory '/home/loye/Desktop/Projects/ROS-100-Days-Coding-Challenge/Week 6/1. ROS Launch/ros2_ws/build/turtle_controller/CMakeFiles/CMakeTmp'
Building C object CMakeFiles/cmTC_cc529.dir/CheckFunctionExists.c.o
/usr/bin/cc   -DCHECK_FUNCTION_EXISTS=pthread_create   -o CMakeFiles/cmTC_cc529.dir/CheckFunctionExists.c.o   -c /usr/share/cmake-3.16/Modules/CheckFunctionExists.c
Linking C executable cmTC_cc529
/usr/bin/cmake -E cmake_link_script CMakeFiles/cmTC_cc529.dir/link.txt --verbose=1
/usr/bin/cc  -DCHECK_FUNCTION_EXISTS=pthread_create    CMakeFiles/cmTC_cc529.dir/CheckFunctionExists.c.o  -o cmTC_cc529  -lpthreads 
/usr/bin/ld: cannot find -lpthreads
collect2: error: ld returned 1 exit status
make[1]: *** [CMakeFiles/cmTC_cc529.dir/build.make:87: cmTC_cc529] Error 1
make[1]: Leaving directory '/home/loye/Desktop/Projects/ROS-100-Days-Coding-Challenge/Week 6/1. ROS Launch/ros2_ws/build/turtle_controller/CMakeFiles/CMakeTmp'
make: *** [Makefile:121: cmTC_cc529/fast] Error 2



